nohup: ignoring input

> dev
> npm run dev --workspaces


> api-gateway@0.0.1 dev
> nest start --watch

[2J[3J[H[[90m5:52:32 AM[0m] Starting compilation in watch mode...

[96msrc/products/products.controller.ts[0m:[93m20[0m:[93m40[0m - [91merror[0m[90m TS2554: [0mExpected 0 arguments, but got 1.

[7m20[0m     return this.productsService.create(createProductDto);
[7m  [0m [91m                                       ~~~~~~~~~~~~~~~~[0m

[96msrc/products/products.controller.ts[0m:[93m35[0m:[93m45[0m - [91merror[0m[90m TS2554: [0mExpected 1 arguments, but got 2.

[7m35[0m     return this.productsService.update(+id, updateProductDto);
[7m  [0m [91m                                            ~~~~~~~~~~~~~~~~[0m

[[90m5:52:35 AM[0m] Found 2 errors. Watching for file changes.

[2J[3J[H[[90m5:53:21 AM[0m] File change detected. Starting incremental compilation...

[96msrc/products/products.controller.ts[0m:[93m20[0m:[93m40[0m - [91merror[0m[90m TS2554: [0mExpected 0 arguments, but got 1.

[7m20[0m     return this.productsService.create(createProductDto);
[7m  [0m [91m                                       ~~~~~~~~~~~~~~~~[0m

[96msrc/products/products.controller.ts[0m:[93m30[0m:[93m41[0m - [91merror[0m[90m TS2345: [0mArgument of type 'string' is not assignable to parameter of type 'number'.

[7m30[0m     return this.productsService.findOne(id);
[7m  [0m [91m                                        ~~[0m

[96msrc/products/products.controller.ts[0m:[93m35[0m:[93m44[0m - [91merror[0m[90m TS2554: [0mExpected 1 arguments, but got 2.

[7m35[0m     return this.productsService.update(id, updateProductDto);
[7m  [0m [91m                                           ~~~~~~~~~~~~~~~~[0m

[96msrc/products/products.controller.ts[0m:[93m40[0m:[93m40[0m - [91merror[0m[90m TS2345: [0mArgument of type 'string' is not assignable to parameter of type 'number'.

[7m40[0m     return this.productsService.remove(id);
[7m  [0m [91m                                       ~~[0m

[[90m5:53:22 AM[0m] Found 4 errors. Watching for file changes.

[2J[3J[H[[90m5:53:23 AM[0m] File change detected. Starting incremental compilation...

[[90m5:53:23 AM[0m] Found 0 errors. Watching for file changes.

[32m[Nest] 237212  - [39m02/18/2026, 5:53:24 AM [32m    LOG[39m [38;5;3m[NestFactory] [39m[32mStarting Nest application...[39m
[32m[Nest] 237212  - [39m02/18/2026, 5:53:24 AM [32m    LOG[39m [38;5;3m[InstanceLoader] [39m[32mPrismaModule dependencies initialized[39m[38;5;3m +13ms[39m
[32m[Nest] 237212  - [39m02/18/2026, 5:53:24 AM [32m    LOG[39m [38;5;3m[InstanceLoader] [39m[32mAppModule dependencies initialized[39m[38;5;3m +0ms[39m
[32m[Nest] 237212  - [39m02/18/2026, 5:53:24 AM [32m    LOG[39m [38;5;3m[InstanceLoader] [39m[32mProductsModule dependencies initialized[39m[38;5;3m +0ms[39m
[32m[Nest] 237212  - [39m02/18/2026, 5:53:24 AM [32m    LOG[39m [38;5;3m[InstanceLoader] [39m[32mDropshipModule dependencies initialized[39m[38;5;3m +1ms[39m
[32m[Nest] 237212  - [39m02/18/2026, 5:53:24 AM [32m    LOG[39m [38;5;3m[RoutesResolver] [39m[32mAppController {/}:[39m[38;5;3m +3ms[39m
[32m[Nest] 237212  - [39m02/18/2026, 5:53:24 AM [32m    LOG[39m [38;5;3m[RouterExplorer] [39m[32mMapped {/, GET} route[39m[38;5;3m +3ms[39m
[32m[Nest] 237212  - [39m02/18/2026, 5:53:24 AM [32m    LOG[39m [38;5;3m[RoutesResolver] [39m[32mProductsController {/products}:[39m[38;5;3m +0ms[39m
[32m[Nest] 237212  - [39m02/18/2026, 5:53:24 AM [32m    LOG[39m [38;5;3m[RouterExplorer] [39m[32mMapped {/products, POST} route[39m[38;5;3m +1ms[39m
[32m[Nest] 237212  - [39m02/18/2026, 5:53:24 AM [32m    LOG[39m [38;5;3m[RouterExplorer] [39m[32mMapped {/products, GET} route[39m[38;5;3m +0ms[39m
[32m[Nest] 237212  - [39m02/18/2026, 5:53:24 AM [32m    LOG[39m [38;5;3m[RouterExplorer] [39m[32mMapped {/products/:id, GET} route[39m[38;5;3m +1ms[39m
[32m[Nest] 237212  - [39m02/18/2026, 5:53:24 AM [32m    LOG[39m [38;5;3m[RouterExplorer] [39m[32mMapped {/products/:id, PATCH} route[39m[38;5;3m +0ms[39m
[32m[Nest] 237212  - [39m02/18/2026, 5:53:24 AM [32m    LOG[39m [38;5;3m[RouterExplorer] [39m[32mMapped {/products/:id, DELETE} route[39m[38;5;3m +1ms[39m
[32m[Nest] 237212  - [39m02/18/2026, 5:53:24 AM [32m    LOG[39m [38;5;3m[RoutesResolver] [39m[32mDropshipController {/dropship}:[39m[38;5;3m +0ms[39m
[32m[Nest] 237212  - [39m02/18/2026, 5:53:24 AM [32m    LOG[39m [38;5;3m[RouterExplorer] [39m[32mMapped {/dropship/import, POST} route[39m[38;5;3m +0ms[39m
[32m[Nest] 237212  - [39m02/18/2026, 5:53:24 AM [32m    LOG[39m [38;5;3m[ProductsService] [39m[32mSeeding initial products...[39m
[32m[Nest] 237212  - [39m02/18/2026, 5:53:24 AM [32m    LOG[39m [38;5;3m[ProductsService] [39m[32mSeeding complete.[39m
[32m[Nest] 237212  - [39m02/18/2026, 5:53:24 AM [32m    LOG[39m [38;5;3m[NestApplication] [39m[32mNest application successfully started[39m[38;5;3m +1ms[39m
Terminated
[32m[Nest] 237212  - [39m02/18/2026, 5:53:28 AM [32m    LOG[39m [38;5;3m[DropshipService] [39m[32mImporting product from: http://test-supplier.com/item-123[39m
Killed
