nohup: ignoring input

> dev
> npm run dev --workspaces


> api-gateway@0.0.1 dev
> nest start --watch

[2J[3J[H[[90m5:53:27 AM[0m] Starting compilation in watch mode...

[[90m5:53:31 AM[0m] Found 0 errors. Watching for file changes.

[32m[Nest] 237480  - [39m02/18/2026, 5:53:31 AM [32m    LOG[39m [38;5;3m[NestFactory] [39m[32mStarting Nest application...[39m
[32m[Nest] 237480  - [39m02/18/2026, 5:53:31 AM [32m    LOG[39m [38;5;3m[InstanceLoader] [39m[32mPrismaModule dependencies initialized[39m[38;5;3m +12ms[39m
[32m[Nest] 237480  - [39m02/18/2026, 5:53:31 AM [32m    LOG[39m [38;5;3m[InstanceLoader] [39m[32mAppModule dependencies initialized[39m[38;5;3m +1ms[39m
[32m[Nest] 237480  - [39m02/18/2026, 5:53:31 AM [32m    LOG[39m [38;5;3m[InstanceLoader] [39m[32mProductsModule dependencies initialized[39m[38;5;3m +0ms[39m
[32m[Nest] 237480  - [39m02/18/2026, 5:53:31 AM [32m    LOG[39m [38;5;3m[InstanceLoader] [39m[32mDropshipModule dependencies initialized[39m[38;5;3m +0ms[39m
[32m[Nest] 237480  - [39m02/18/2026, 5:53:31 AM [32m    LOG[39m [38;5;3m[RoutesResolver] [39m[32mAppController {/}:[39m[38;5;3m +4ms[39m
[32m[Nest] 237480  - [39m02/18/2026, 5:53:31 AM [32m    LOG[39m [38;5;3m[RouterExplorer] [39m[32mMapped {/, GET} route[39m[38;5;3m +3ms[39m
[32m[Nest] 237480  - [39m02/18/2026, 5:53:31 AM [32m    LOG[39m [38;5;3m[RoutesResolver] [39m[32mProductsController {/products}:[39m[38;5;3m +0ms[39m
[32m[Nest] 237480  - [39m02/18/2026, 5:53:31 AM [32m    LOG[39m [38;5;3m[RouterExplorer] [39m[32mMapped {/products, POST} route[39m[38;5;3m +1ms[39m
[32m[Nest] 237480  - [39m02/18/2026, 5:53:31 AM [32m    LOG[39m [38;5;3m[RouterExplorer] [39m[32mMapped {/products, GET} route[39m[38;5;3m +1ms[39m
[32m[Nest] 237480  - [39m02/18/2026, 5:53:31 AM [32m    LOG[39m [38;5;3m[RouterExplorer] [39m[32mMapped {/products/:id, GET} route[39m[38;5;3m +1ms[39m
[32m[Nest] 237480  - [39m02/18/2026, 5:53:31 AM [32m    LOG[39m [38;5;3m[RouterExplorer] [39m[32mMapped {/products/:id, PATCH} route[39m[38;5;3m +0ms[39m
[32m[Nest] 237480  - [39m02/18/2026, 5:53:31 AM [32m    LOG[39m [38;5;3m[RouterExplorer] [39m[32mMapped {/products/:id, DELETE} route[39m[38;5;3m +1ms[39m
[32m[Nest] 237480  - [39m02/18/2026, 5:53:31 AM [32m    LOG[39m [38;5;3m[RoutesResolver] [39m[32mDropshipController {/dropship}:[39m[38;5;3m +0ms[39m
[32m[Nest] 237480  - [39m02/18/2026, 5:53:31 AM [32m    LOG[39m [38;5;3m[RouterExplorer] [39m[32mMapped {/dropship/import, POST} route[39m[38;5;3m +0ms[39m
[32m[Nest] 237480  - [39m02/18/2026, 5:53:31 AM [32m    LOG[39m [38;5;3m[NestApplication] [39m[32mNest application successfully started[39m[38;5;3m +97ms[39m
[31m[Nest] 237480  - [39m02/18/2026, 5:53:31 AM [31m  ERROR[39m [38;5;3m[NestApplication] [39m[31mError: listen EADDRINUSE: address already in use :::4000[39m[38;5;3m +2ms[39m
node:net:1940
    const ex = new UVExceptionWithHostPort(err, 'listen', address, port);
               ^

Error: listen EADDRINUSE: address already in use :::4000
    at Server.setupListenHandle [as _listen2] (node:net:1940:16)
    at listenInCluster (node:net:1997:12)
    at Server.listen (node:net:2102:7)
    at ExpressAdapter.listen (/home/redbend/Desktop/00-Projects/new-project/2027-online-shop/apps/api-gateway/node_modules/@nestjs/platform-express/adapters/express-adapter.js:127:32)
    at /home/redbend/Desktop/00-Projects/new-project/2027-online-shop/apps/api-gateway/node_modules/@nestjs/core/nest-application.js:188:30
    at new Promise (<anonymous>)
    at NestApplication.listen (/home/redbend/Desktop/00-Projects/new-project/2027-online-shop/apps/api-gateway/node_modules/@nestjs/core/nest-application.js:178:16)
    at async bootstrap (/home/redbend/Desktop/00-Projects/new-project/2027-online-shop/apps/api-gateway/src/main.ts:7:3) {
  code: 'EADDRINUSE',
  errno: -98,
  syscall: 'listen',
  address: '::',
  port: 4000
}

Node.js v22.22.0
[2J[3J[H[[90m5:59:51 AM[0m] File change detected. Starting incremental compilation...

[96msrc/agent/agent.module.ts[0m:[93m2[0m:[93m30[0m - [91merror[0m[90m TS2307: [0mCannot find module './agent.service' or its corresponding type declarations.

[7m2[0m import { AgentService } from './agent.service';
[7m [0m [91m                             ~~~~~~~~~~~~~~~~~[0m

[96msrc/agent/agent.module.ts[0m:[93m3[0m:[93m33[0m - [91merror[0m[90m TS2307: [0mCannot find module './agent.controller' or its corresponding type declarations.

[7m3[0m import { AgentController } from './agent.controller';
[7m [0m [91m                                ~~~~~~~~~~~~~~~~~~~~[0m

[[90m5:59:52 AM[0m] Found 2 errors. Watching for file changes.

[2J[3J[H[[90m6:00:03 AM[0m] File change detected. Starting incremental compilation...

[96msrc/agent/agent.controller.ts[0m:[93m2[0m:[93m10[0m - [91merror[0m[90m TS2305: [0mModule '"./agent.service"' has no exported member 'AgentService'.

[7m2[0m import { AgentService } from './agent.service';
[7m [0m [91m         ~~~~~~~~~~~~[0m

[96msrc/agent/agent.controller.ts[0m:[93m3[0m:[93m25[0m - [91merror[0m[90m TS2307: [0mCannot find module './dto/chat.dto' or its corresponding type declarations.

[7m3[0m import { ChatDto } from './dto/chat.dto';
[7m [0m [91m                        ~~~~~~~~~~~~~~~~[0m

[96msrc/agent/agent.controller.ts[0m:[93m4[0m:[93m39[0m - [91merror[0m[90m TS2307: [0mCannot find module './dto/compatibility-check.dto' or its corresponding type declarations.

[7m4[0m import { CompatibilityCheckDto } from './dto/compatibility-check.dto';
[7m [0m [91m                                      ~~~~~~~~~~~~~~~~~~~~~~~~~~~~~~~[0m

[96msrc/agent/agent.module.ts[0m:[93m2[0m:[93m30[0m - [91merror[0m[90m TS2307: [0mCannot find module './agent.service' or its corresponding type declarations.

[7m2[0m import { AgentService } from './agent.service';
[7m [0m [91m                             ~~~~~~~~~~~~~~~~~[0m

[[90m6:00:03 AM[0m] Found 4 errors. Watching for file changes.

[2J[3J[H[[90m6:00:03 AM[0m] File change detected. Starting incremental compilation...

[96msrc/agent/agent.controller.ts[0m:[93m3[0m:[93m25[0m - [91merror[0m[90m TS2307: [0mCannot find module './dto/chat.dto' or its corresponding type declarations.

[7m3[0m import { ChatDto } from './dto/chat.dto';
[7m [0m [91m                        ~~~~~~~~~~~~~~~~[0m

[96msrc/agent/agent.controller.ts[0m:[93m4[0m:[93m39[0m - [91merror[0m[90m TS2307: [0mCannot find module './dto/compatibility-check.dto' or its corresponding type declarations.

[7m4[0m import { CompatibilityCheckDto } from './dto/compatibility-check.dto';
[7m [0m [91m                                      ~~~~~~~~~~~~~~~~~~~~~~~~~~~~~~~[0m

[96msrc/agent/agent.module.ts[0m:[93m2[0m:[93m30[0m - [91merror[0m[90m TS2307: [0mCannot find module './agent.service' or its corresponding type declarations.

[7m2[0m import { AgentService } from './agent.service';
[7m [0m [91m                             ~~~~~~~~~~~~~~~~~[0m

[96msrc/agent/agent.service.ts[0m:[93m2[0m:[93m39[0m - [91merror[0m[90m TS2307: [0mCannot find module './dto/compatibility-check.dto' or its corresponding type declarations.

[7m2[0m import { CompatibilityCheckDto } from './dto/compatibility-check.dto';
[7m [0m [91m                                      ~~~~~~~~~~~~~~~~~~~~~~~~~~~~~~~[0m

[[90m6:00:03 AM[0m] Found 4 errors. Watching for file changes.

[2J[3J[H[[90m6:00:04 AM[0m] File change detected. Starting incremental compilation...

[96msrc/agent/agent.controller.ts[0m:[93m3[0m:[93m25[0m - [91merror[0m[90m TS2307: [0mCannot find module './dto/chat.dto' or its corresponding type declarations.

[7m3[0m import { ChatDto } from './dto/chat.dto';
[7m [0m [91m                        ~~~~~~~~~~~~~~~~[0m

[96msrc/agent/agent.controller.ts[0m:[93m4[0m:[93m39[0m - [91merror[0m[90m TS2307: [0mCannot find module './dto/compatibility-check.dto' or its corresponding type declarations.

[7m4[0m import { CompatibilityCheckDto } from './dto/compatibility-check.dto';
[7m [0m [91m                                      ~~~~~~~~~~~~~~~~~~~~~~~~~~~~~~~[0m

[96msrc/agent/agent.service.ts[0m:[93m2[0m:[93m39[0m - [91merror[0m[90m TS2307: [0mCannot find module './dto/compatibility-check.dto' or its corresponding type declarations.

[7m2[0m import { CompatibilityCheckDto } from './dto/compatibility-check.dto';
[7m [0m [91m                                      ~~~~~~~~~~~~~~~~~~~~~~~~~~~~~~~[0m

[[90m6:00:04 AM[0m] Found 3 errors. Watching for file changes.

[2J[3J[H[[90m6:00:06 AM[0m] File change detected. Starting incremental compilation...

[96msrc/agent/agent.controller.ts[0m:[93m4[0m:[93m39[0m - [91merror[0m[90m TS2307: [0mCannot find module './dto/compatibility-check.dto' or its corresponding type declarations.

[7m4[0m import { CompatibilityCheckDto } from './dto/compatibility-check.dto';
[7m [0m [91m                                      ~~~~~~~~~~~~~~~~~~~~~~~~~~~~~~~[0m

[96msrc/agent/agent.service.ts[0m:[93m2[0m:[93m39[0m - [91merror[0m[90m TS2307: [0mCannot find module './dto/compatibility-check.dto' or its corresponding type declarations.

[7m2[0m import { CompatibilityCheckDto } from './dto/compatibility-check.dto';
[7m [0m [91m                                      ~~~~~~~~~~~~~~~~~~~~~~~~~~~~~~~[0m

[[90m6:00:06 AM[0m] Found 2 errors. Watching for file changes.

[2J[3J[H[[90m6:00:07 AM[0m] File change detected. Starting incremental compilation...

[96msrc/agent/agent.controller.ts[0m:[93m4[0m:[93m39[0m - [91merror[0m[90m TS2307: [0mCannot find module './dto/compatibility-check.dto' or its corresponding type declarations.

[7m4[0m import { CompatibilityCheckDto } from './dto/compatibility-check.dto';
[7m [0m [91m                                      ~~~~~~~~~~~~~~~~~~~~~~~~~~~~~~~[0m

[96msrc/agent/agent.service.ts[0m:[93m2[0m:[93m39[0m - [91merror[0m[90m TS2307: [0mCannot find module './dto/compatibility-check.dto' or its corresponding type declarations.

[7m2[0m import { CompatibilityCheckDto } from './dto/compatibility-check.dto';
[7m [0m [91m                                      ~~~~~~~~~~~~~~~~~~~~~~~~~~~~~~~[0m

[[90m6:00:07 AM[0m] Found 2 errors. Watching for file changes.

[2J[3J[H[[90m6:00:07 AM[0m] File change detected. Starting incremental compilation...

[96msrc/agent/agent.controller.ts[0m:[93m4[0m:[93m39[0m - [91merror[0m[90m TS2307: [0mCannot find module './dto/compatibility-check.dto' or its corresponding type declarations.

[7m4[0m import { CompatibilityCheckDto } from './dto/compatibility-check.dto';
[7m [0m [91m                                      ~~~~~~~~~~~~~~~~~~~~~~~~~~~~~~~[0m

[96msrc/agent/agent.service.ts[0m:[93m2[0m:[93m39[0m - [91merror[0m[90m TS2307: [0mCannot find module './dto/compatibility-check.dto' or its corresponding type declarations.

[7m2[0m import { CompatibilityCheckDto } from './dto/compatibility-check.dto';
[7m [0m [91m                                      ~~~~~~~~~~~~~~~~~~~~~~~~~~~~~~~[0m

[[90m6:00:07 AM[0m] Found 2 errors. Watching for file changes.

[2J[3J[H[[90m6:00:09 AM[0m] File change detected. Starting incremental compilation...

[[90m6:00:09 AM[0m] Found 0 errors. Watching for file changes.

[32m[Nest] 241260  - [39m02/18/2026, 6:00:09 AM [32m    LOG[39m [38;5;3m[NestFactory] [39m[32mStarting Nest application...[39m
[32m[Nest] 241260  - [39m02/18/2026, 6:00:09 AM [32m    LOG[39m [38;5;3m[InstanceLoader] [39m[32mPrismaModule dependencies initialized[39m[38;5;3m +14ms[39m
[32m[Nest] 241260  - [39m02/18/2026, 6:00:09 AM [32m    LOG[39m [38;5;3m[InstanceLoader] [39m[32mAppModule dependencies initialized[39m[38;5;3m +0ms[39m
[32m[Nest] 241260  - [39m02/18/2026, 6:00:09 AM [32m    LOG[39m [38;5;3m[InstanceLoader] [39m[32mProductsModule dependencies initialized[39m[38;5;3m +1ms[39m
[32m[Nest] 241260  - [39m02/18/2026, 6:00:09 AM [32m    LOG[39m [38;5;3m[InstanceLoader] [39m[32mDropshipModule dependencies initialized[39m[38;5;3m +0ms[39m
[32m[Nest] 241260  - [39m02/18/2026, 6:00:09 AM [32m    LOG[39m [38;5;3m[RoutesResolver] [39m[32mAppController {/}:[39m[38;5;3m +3ms[39m
[32m[Nest] 241260  - [39m02/18/2026, 6:00:09 AM [32m    LOG[39m [38;5;3m[RouterExplorer] [39m[32mMapped {/, GET} route[39m[38;5;3m +3ms[39m
[32m[Nest] 241260  - [39m02/18/2026, 6:00:09 AM [32m    LOG[39m [38;5;3m[RoutesResolver] [39m[32mProductsController {/products}:[39m[38;5;3m +1ms[39m
[32m[Nest] 241260  - [39m02/18/2026, 6:00:09 AM [32m    LOG[39m [38;5;3m[RouterExplorer] [39m[32mMapped {/products, POST} route[39m[38;5;3m +1ms[39m
[32m[Nest] 241260  - [39m02/18/2026, 6:00:09 AM [32m    LOG[39m [38;5;3m[RouterExplorer] [39m[32mMapped {/products, GET} route[39m[38;5;3m +0ms[39m
[32m[Nest] 241260  - [39m02/18/2026, 6:00:09 AM [32m    LOG[39m [38;5;3m[RouterExplorer] [39m[32mMapped {/products/:id, GET} route[39m[38;5;3m +1ms[39m
[32m[Nest] 241260  - [39m02/18/2026, 6:00:09 AM [32m    LOG[39m [38;5;3m[RouterExplorer] [39m[32mMapped {/products/:id, PATCH} route[39m[38;5;3m +1ms[39m
[32m[Nest] 241260  - [39m02/18/2026, 6:00:09 AM [32m    LOG[39m [38;5;3m[RouterExplorer] [39m[32mMapped {/products/:id, DELETE} route[39m[38;5;3m +0ms[39m
[32m[Nest] 241260  - [39m02/18/2026, 6:00:09 AM [32m    LOG[39m [38;5;3m[RoutesResolver] [39m[32mDropshipController {/dropship}:[39m[38;5;3m +1ms[39m
[32m[Nest] 241260  - [39m02/18/2026, 6:00:09 AM [32m    LOG[39m [38;5;3m[RouterExplorer] [39m[32mMapped {/dropship/import, POST} route[39m[38;5;3m +0ms[39m
[32m[Nest] 241260  - [39m02/18/2026, 6:00:09 AM [32m    LOG[39m [38;5;3m[NestApplication] [39m[32mNest application successfully started[39m[38;5;3m +65ms[39m
[31m[Nest] 241260  - [39m02/18/2026, 6:00:09 AM [31m  ERROR[39m [38;5;3m[NestApplication] [39m[31mError: listen EADDRINUSE: address already in use :::4000[39m[38;5;3m +1ms[39m
node:net:1940
    const ex = new UVExceptionWithHostPort(err, 'listen', address, port);
               ^

Error: listen EADDRINUSE: address already in use :::4000
    at Server.setupListenHandle [as _listen2] (node:net:1940:16)
    at listenInCluster (node:net:1997:12)
    at Server.listen (node:net:2102:7)
    at ExpressAdapter.listen (/home/redbend/Desktop/00-Projects/new-project/2027-online-shop/apps/api-gateway/node_modules/@nestjs/platform-express/adapters/express-adapter.js:127:32)
    at /home/redbend/Desktop/00-Projects/new-project/2027-online-shop/apps/api-gateway/node_modules/@nestjs/core/nest-application.js:188:30
    at new Promise (<anonymous>)
    at NestApplication.listen (/home/redbend/Desktop/00-Projects/new-project/2027-online-shop/apps/api-gateway/node_modules/@nestjs/core/nest-application.js:178:16)
    at async bootstrap (/home/redbend/Desktop/00-Projects/new-project/2027-online-shop/apps/api-gateway/src/main.ts:7:3) {
  code: 'EADDRINUSE',
  errno: -98,
  syscall: 'listen',
  address: '::',
  port: 4000
}

Node.js v22.22.0
[2J[3J[H[[90m6:00:12 AM[0m] File change detected. Starting incremental compilation...

[[90m6:00:12 AM[0m] Found 0 errors. Watching for file changes.

[32m[Nest] 241342  - [39m02/18/2026, 6:00:13 AM [32m    LOG[39m [38;5;3m[NestFactory] [39m[32mStarting Nest application...[39m
[32m[Nest] 241342  - [39m02/18/2026, 6:00:13 AM [32m    LOG[39m [38;5;3m[InstanceLoader] [39m[32mPrismaModule dependencies initialized[39m[38;5;3m +13ms[39m
[32m[Nest] 241342  - [39m02/18/2026, 6:00:13 AM [32m    LOG[39m [38;5;3m[InstanceLoader] [39m[32mAppModule dependencies initialized[39m[38;5;3m +0ms[39m
[32m[Nest] 241342  - [39m02/18/2026, 6:00:13 AM [32m    LOG[39m [38;5;3m[InstanceLoader] [39m[32mAgentModule dependencies initialized[39m[38;5;3m +0ms[39m
[32m[Nest] 241342  - [39m02/18/2026, 6:00:13 AM [32m    LOG[39m [38;5;3m[InstanceLoader] [39m[32mProductsModule dependencies initialized[39m[38;5;3m +1ms[39m
[32m[Nest] 241342  - [39m02/18/2026, 6:00:13 AM [32m    LOG[39m [38;5;3m[InstanceLoader] [39m[32mDropshipModule dependencies initialized[39m[38;5;3m +0ms[39m
[32m[Nest] 241342  - [39m02/18/2026, 6:00:13 AM [32m    LOG[39m [38;5;3m[RoutesResolver] [39m[32mAppController {/}:[39m[38;5;3m +3ms[39m
[32m[Nest] 241342  - [39m02/18/2026, 6:00:13 AM [32m    LOG[39m [38;5;3m[RouterExplorer] [39m[32mMapped {/, GET} route[39m[38;5;3m +3ms[39m
[32m[Nest] 241342  - [39m02/18/2026, 6:00:13 AM [32m    LOG[39m [38;5;3m[RoutesResolver] [39m[32mProductsController {/products}:[39m[38;5;3m +0ms[39m
[32m[Nest] 241342  - [39m02/18/2026, 6:00:13 AM [32m    LOG[39m [38;5;3m[RouterExplorer] [39m[32mMapped {/products, POST} route[39m[38;5;3m +1ms[39m
[32m[Nest] 241342  - [39m02/18/2026, 6:00:13 AM [32m    LOG[39m [38;5;3m[RouterExplorer] [39m[32mMapped {/products, GET} route[39m[38;5;3m +0ms[39m
[32m[Nest] 241342  - [39m02/18/2026, 6:00:13 AM [32m    LOG[39m [38;5;3m[RouterExplorer] [39m[32mMapped {/products/:id, GET} route[39m[38;5;3m +1ms[39m
[32m[Nest] 241342  - [39m02/18/2026, 6:00:13 AM [32m    LOG[39m [38;5;3m[RouterExplorer] [39m[32mMapped {/products/:id, PATCH} route[39m[38;5;3m +1ms[39m
[32m[Nest] 241342  - [39m02/18/2026, 6:00:13 AM [32m    LOG[39m [38;5;3m[RouterExplorer] [39m[32mMapped {/products/:id, DELETE} route[39m[38;5;3m +0ms[39m
[32m[Nest] 241342  - [39m02/18/2026, 6:00:13 AM [32m    LOG[39m [38;5;3m[RoutesResolver] [39m[32mDropshipController {/dropship}:[39m[38;5;3m +0ms[39m
[32m[Nest] 241342  - [39m02/18/2026, 6:00:13 AM [32m    LOG[39m [38;5;3m[RouterExplorer] [39m[32mMapped {/dropship/import, POST} route[39m[38;5;3m +1ms[39m
[32m[Nest] 241342  - [39m02/18/2026, 6:00:13 AM [32m    LOG[39m [38;5;3m[RoutesResolver] [39m[32mAgentController {/agent}:[39m[38;5;3m +0ms[39m
[32m[Nest] 241342  - [39m02/18/2026, 6:00:13 AM [32m    LOG[39m [38;5;3m[RouterExplorer] [39m[32mMapped {/agent/chat, POST} route[39m[38;5;3m +0ms[39m
[32m[Nest] 241342  - [39m02/18/2026, 6:00:13 AM [32m    LOG[39m [38;5;3m[RouterExplorer] [39m[32mMapped {/agent/check-compatibility, POST} route[39m[38;5;3m +1ms[39m
[32m[Nest] 241342  - [39m02/18/2026, 6:00:13 AM [32m    LOG[39m [38;5;3m[NestApplication] [39m[32mNest application successfully started[39m[38;5;3m +64ms[39m
[31m[Nest] 241342  - [39m02/18/2026, 6:00:13 AM [31m  ERROR[39m [38;5;3m[NestApplication] [39m[31mError: listen EADDRINUSE: address already in use :::4000[39m[38;5;3m +1ms[39m
node:net:1940
    const ex = new UVExceptionWithHostPort(err, 'listen', address, port);
               ^

Error: listen EADDRINUSE: address already in use :::4000
    at Server.setupListenHandle [as _listen2] (node:net:1940:16)
    at listenInCluster (node:net:1997:12)
    at Server.listen (node:net:2102:7)
    at ExpressAdapter.listen (/home/redbend/Desktop/00-Projects/new-project/2027-online-shop/apps/api-gateway/node_modules/@nestjs/platform-express/adapters/express-adapter.js:127:32)
    at /home/redbend/Desktop/00-Projects/new-project/2027-online-shop/apps/api-gateway/node_modules/@nestjs/core/nest-application.js:188:30
    at new Promise (<anonymous>)
    at NestApplication.listen (/home/redbend/Desktop/00-Projects/new-project/2027-online-shop/apps/api-gateway/node_modules/@nestjs/core/nest-application.js:178:16)
    at async bootstrap (/home/redbend/Desktop/00-Projects/new-project/2027-online-shop/apps/api-gateway/src/main.ts:7:3) {
  code: 'EADDRINUSE',
  errno: -98,
  syscall: 'listen',
  address: '::',
  port: 4000
}

Node.js v22.22.0
Terminated
